firebase/app/build/outputs/logs/manifest-merger-debug-report.txt
-- Merging decision tree log ---
manifest
ADDED from src\main\AndroidManifest.xml:2:1-21:12
INJECTED from src\main\AndroidManifest.xml:2:1-21:12
INJECTED from src\main\AndroidManifest.xml:2:1-21:12
INJECTED from src\main\AndroidManifest.xml:2:1-21:12
MERGED from [com.google.firebase:firebase-core:16.0.1] AndroidManifest.xml:2:1-9:12
MERGED from [com.firebaseui:firebase-ui-auth:0.6.0] AndroidManifest.xml:2:1-85:12
MERGED from [com.android.support:design:24.2.1] AndroidManifest.xml:17:1-24:12
MERGED from [com.android.support:appcompat-v7:24.2.1] AndroidManifest.xml:17:1-27:12
MERGED from [com.google.firebase:firebase-database:16.0.1] AndroidManifest.xml:2:1-8:12
MERGED from [com.google.android.gms:play-services-auth:15.0.1] AndroidManifest.xml:17:1-39:12
MERGED from [com.google.firebase:firebase-auth:16.0.1] AndroidManifest.xml:17:1-38:12
MERGED from [com.google.firebase:firebase-storage:16.0.1] AndroidManifest.xml:2:1-7:12
MERGED from [com.google.firebase:firebase-messaging:17.1.0] AndroidManifest.xml:17:1-37:12
MERGED from [com.google.firebase:firebase-config:16.0.0] AndroidManifest.xml:17:1-24:12
MERGED from [com.google.firebase:firebase-measurement-connector-impl:16.0.1] AndroidManifest.xml:17:1-34:12
MERGED from [com.google.firebase:firebase-analytics:16.0.1] AndroidManifest.xml:17:1-55:12
MERGED from [com.google.firebase:firebase-database-connection:16.0.1] AndroidManifest.xml:2:1-10:12
MERGED from [com.google.firebase:firebase-abt:16.0.0] AndroidManifest.xml:2:1-7:12
MERGED from [com.google.firebase:firebase-auth-interop:16.0.0] AndroidManifest.xml:2:1-10:12
MERGED from [com.google.firebase:firebase-analytics-impl:16.1.1] AndroidManifest.xml:17:1-40:12
MERGED from [com.google.firebase:firebase-iid:16.2.0] AndroidManifest.xml:17:1-65:12
MERGED from [com.google.firebase:firebase-common:16.0.0] AndroidManifest.xml:2:1-16:12
MERGED from [com.google.android.gms:play-services-phenotype:15.0.1] AndroidManifest.xml:17:1-24:12
MERGED from [com.google.android.gms:play-services-flags:15.0.1] AndroidManifest.xml:17:1-22:12
MERGED from [com.google.android.gms:play-services-auth-api-phone:15.0.1] AndroidManifest.xml:2:1-7:12
MERGED from [com.google.android.gms:play-services-auth-base:15.0.1] AndroidManifest.xml:2:1-7:12
MERGED from [com.google.firebase:firebase-iid-interop:16.0.0] AndroidManifest.xml:2:1-10:12
MERGED from [com.google.android.gms:play-services-base:15.0.1] AndroidManifest.xml:17:1-29:12
MERGED from [com.google.android.gms:play-services-tasks:15.0.1] AndroidManifest.xml:2:1-9:12
MERGED from [com.google.firebase:firebase-database-collection:15.0.1] AndroidManifest.xml:2:1-8:12
MERGED from [com.google.firebase:firebase-storage-common:16.0.1] AndroidManifest.xml:2:1-10:12
MERGED from [com.google.firebase:firebase-measurement-connector:16.0.0] AndroidManifest.xml:17:1-25:12
MERGED from [com.google.android.gms:play-services-stats:15.0.1] AndroidManifest.xml:2:1-9:12
MERGED from [com.google.android.gms:play-services-ads-identifier:15.0.1] AndroidManifest.xml:17:1-24:12
MERGED from [com.google.android.gms:play-services-basement:15.0.1] AndroidManifest.xml:17:1-28:12
MERGED from [com.facebook.android:facebook-android-sdk:4.14.1] AndroidManifest.xml:21:1-39:12
MERGED from [com.android.support:customtabs:23.4.0] AndroidManifest.xml:17:1-24:12
MERGED from [com.android.support:support-v4:26.1.0] AndroidManifest.xml:17:1-31:12
MERGED from [com.android.support:recyclerview-v7:24.2.1] AndroidManifest.xml:17:1-22:12
MERGED from [com.android.support:animated-vector-drawable:24.2.1] AndroidManifest.xml:17:1-24:12
MERGED from [com.android.support:support-vector-drawable:24.2.1] AndroidManifest.xml:17:1-25:12
MERGED from [com.google.android.gms:play-services-measurement-base:16.0.0] AndroidManifest.xml:17:1-24:12
MERGED from [com.android.support:cardview-v7:23.4.0] AndroidManifest.xml:17:1-24:12
MERGED from [com.android.support:support-media-compat:26.1.0] AndroidManifest.xml:17:1-31:12
MERGED from [com.android.support:support-fragment:26.1.0] AndroidManifest.xml:17:1-31:12
MERGED from [com.android.support:support-core-utils:26.1.0] AndroidManifest.xml:17:1-31:12
MERGED from [com.android.support:support-core-ui:26.1.0] AndroidManifest.xml:17:1-31:12
MERGED from [com.android.support:support-compat:26.1.0] AndroidManifest.xml:17:1-31:12
MERGED from [android.arch.lifecycle:runtime:1.0.0] AndroidManifest.xml:17:1-30:12
INJECTED from src\main\AndroidManifest.xml:2:1-21:12
INJECTED from src\main\AndroidManifest.xml:2:1-21:12
INJECTED from src\main\AndroidManifest.xml:2:1-21:12
	package
		ADDED from src\main\AndroidManifest.xml:3:5-55
		INJECTED from src\main\AndroidManifest.xml
		INJECTED from src\main\AndroidManifest.xml
	android:versionName
		INJECTED from src\main\AndroidManifest.xml
		ADDED from src\main\AndroidManifest.xml:2:1-21:12
		INJECTED from src\main\AndroidManifest.xml
	android:versionCode
		INJECTED from src\main\AndroidManifest.xml
		ADDED from src\main\AndroidManifest.xml:2:1-21:12
		INJECTED from src\main\AndroidManifest.xml
	xmlns:android
		ADDED from src\main\AndroidManifest.xml:2:11-69
application
ADDED from src\main\AndroidManifest.xml:5:5-19:19
MERGED from [com.google.firebase:firebase-core:16.0.1] AndroidManifest.xml:7:5-20
MERGED from [com.google.firebase:firebase-core:16.0.1] AndroidManifest.xml:7:5-20
MERGED from [com.firebaseui:firebase-ui-auth:0.6.0] AndroidManifest.xml:12:5-83:19
MERGED from [com.firebaseui:firebase-ui-auth:0.6.0] AndroidManifest.xml:12:5-83:19
MERGED from [com.android.support:design:24.2.1] AndroidManifest.xml:22:5-20
MERGED from [com.android.support:design:24.2.1] AndroidManifest.xml:22:5-20
MERGED from [com.android.support:appcompat-v7:24.2.1] AndroidManifest.xml:25:5-20
MERGED from [com.android.support:appcompat-v7:24.2.1] AndroidManifest.xml:25:5-20
MERGED from [com.google.android.gms:play-services-auth:15.0.1] AndroidManifest.xml:22:5-37:19
MERGED from [com.google.android.gms:play-services-auth:15.0.1] AndroidManifest.xml:22:5-37:19
MERGED from [com.google.firebase:firebase-auth:16.0.1] AndroidManifest.xml:22:5-36:19
MERGED from [com.google.firebase:firebase-auth:16.0.1] AndroidManifest.xml:22:5-36:19
MERGED from [com.google.firebase:firebase-messaging:17.1.0] AndroidManifest.xml:22:5-35:19
MERGED from [com.google.firebase:firebase-messaging:17.1.0] AndroidManifest.xml:22:5-35:19
MERGED from [com.google.firebase:firebase-config:16.0.0] AndroidManifest.xml:22:5-20
MERGED from [com.google.firebase:firebase-config:16.0.0] AndroidManifest.xml:22:5-20
MERGED from [com.google.firebase:firebase-measurement-connector-impl:16.0.1] AndroidManifest.xml:26:5-32:19
MERGED from [com.google.firebase:firebase-measurement-connector-impl:16.0.1] AndroidManifest.xml:26:5-32:19
MERGED from [com.google.firebase:firebase-analytics:16.0.1] AndroidManifest.xml:28:5-53:19
MERGED from [com.google.firebase:firebase-analytics:16.0.1] AndroidManifest.xml:28:5-53:19
MERGED from [com.google.firebase:firebase-auth-interop:16.0.0] AndroidManifest.xml:7:5-8:19
MERGED from [com.google.firebase:firebase-auth-interop:16.0.0] AndroidManifest.xml:7:5-8:19
MERGED from [com.google.firebase:firebase-analytics-impl:16.1.1] AndroidManifest.xml:28:5-38:19
MERGED from [com.google.firebase:firebase-analytics-impl:16.1.1] AndroidManifest.xml:28:5-38:19
MERGED from [com.google.firebase:firebase-iid:16.2.0] AndroidManifest.xml:34:5-63:19
MERGED from [com.google.firebase:firebase-iid:16.2.0] AndroidManifest.xml:34:5-63:19
MERGED from [com.google.firebase:firebase-common:16.0.0] AndroidManifest.xml:8:5-14:19
MERGED from [com.google.firebase:firebase-common:16.0.0] AndroidManifest.xml:8:5-14:19
MERGED from [com.google.android.gms:play-services-phenotype:15.0.1] AndroidManifest.xml:22:5-20
MERGED from [com.google.android.gms:play-services-phenotype:15.0.1] AndroidManifest.xml:22:5-20
MERGED from [com.google.firebase:firebase-iid-interop:16.0.0] AndroidManifest.xml:7:5-8:19
MERGED from [com.google.firebase:firebase-iid-interop:16.0.0] AndroidManifest.xml:7:5-8:19
MERGED from [com.google.android.gms:play-services-base:15.0.1] AndroidManifest.xml:22:5-27:19
MERGED from [com.google.android.gms:play-services-base:15.0.1] AndroidManifest.xml:22:5-27:19
MERGED from [com.google.android.gms:play-services-tasks:15.0.1] AndroidManifest.xml:7:5-20
MERGED from [com.google.android.gms:play-services-tasks:15.0.1] AndroidManifest.xml:7:5-20
MERGED from [com.google.firebase:firebase-measurement-connector:16.0.0] AndroidManifest.xml:22:5-23:19
MERGED from [com.google.firebase:firebase-measurement-connector:16.0.0] AndroidManifest.xml:22:5-23:19
MERGED from [com.google.android.gms:play-services-stats:15.0.1] AndroidManifest.xml:7:5-20
MERGED from [com.google.android.gms:play-services-stats:15.0.1] AndroidManifest.xml:7:5-20
MERGED from [com.google.android.gms:play-services-ads-identifier:15.0.1] AndroidManifest.xml:22:5-20
MERGED from [com.google.android.gms:play-services-ads-identifier:15.0.1] AndroidManifest.xml:22:5-20
MERGED from [com.google.android.gms:play-services-basement:15.0.1] AndroidManifest.xml:22:5-26:19
MERGED from [com.google.android.gms:play-services-basement:15.0.1] AndroidManifest.xml:22:5-26:19
MERGED from [com.facebook.android:facebook-android-sdk:4.14.1] AndroidManifest.xml:28:5-37:19
MERGED from [com.facebook.android:facebook-android-sdk:4.14.1] AndroidManifest.xml:28:5-37:19
MERGED from [com.android.support:customtabs:23.4.0] AndroidManifest.xml:22:5-20
MERGED from [com.android.support:customtabs:23.4.0] AndroidManifest.xml:22:5-20
MERGED from [com.android.support:support-v4:26.1.0] AndroidManifest.xml:25:5-29:19
MERGED from [com.android.support:support-v4:26.1.0] AndroidManifest.xml:25:5-29:19
MERGED from [com.android.support:animated-vector-drawable:24.2.1] AndroidManifest.xml:22:5-20
MERGED from [com.android.support:animated-vector-drawable:24.2.1] AndroidManifest.xml:22:5-20
MERGED from [com.android.support:support-vector-drawable:24.2.1] AndroidManifest.xml:23:5-20
MERGED from [com.android.support:support-vector-drawable:24.2.1] AndroidManifest.xml:23:5-20
MERGED from [com.google.android.gms:play-services-measurement-base:16.0.0] AndroidManifest.xml:22:5-20
MERGED from [com.google.android.gms:play-services-measurement-base:16.0.0] AndroidManifest.xml:22:5-20
MERGED from [com.android.support:cardview-v7:23.4.0] AndroidManifest.xml:22:5-20
MERGED from [com.android.support:cardview-v7:23.4.0] AndroidManifest.xml:22:5-20
MERGED from [com.android.support:support-media-compat:26.1.0] AndroidManifest.xml:25:5-29:19
MERGED from [com.android.support:support-media-compat:26.1.0] AndroidManifest.xml:25:5-29:19
MERGED from [com.android.support:support-fragment:26.1.0] AndroidManifest.xml:25:5-29:19
MERGED from [com.android.support:support-fragment:26.1.0] AndroidManifest.xml:25:5-29:19
MERGED from [com.android.support:support-core-utils:26.1.0] AndroidManifest.xml:25:5-29:19
MERGED from [com.android.support:support-core-utils:26.1.0] AndroidManifest.xml:25:5-29:19
MERGED from [com.android.support:support-core-ui:26.1.0] AndroidManifest.xml:25:5-29:19
MERGED from [com.android.support:support-core-ui:26.1.0] AndroidManifest.xml:25:5-29:19
MERGED from [com.android.support:support-compat:26.1.0] AndroidManifest.xml:25:5-29:19
MERGED from [com.android.support:support-compat:26.1.0] AndroidManifest.xml:25:5-29:19
MERGED from [android.arch.lifecycle:runtime:1.0.0] AndroidManifest.xml:24:5-28:19
MERGED from [android.arch.lifecycle:runtime:1.0.0] AndroidManifest.xml:24:5-28:19
	android:supportsRtl
		ADDED from src\main\AndroidManifest.xml:9:9-35
	android:label
		ADDED from src\main\AndroidManifest.xml:8:9-41
	android:icon
		ADDED from src\main\AndroidManifest.xml:7:9-43
	android:allowBackup
		ADDED from src\main\AndroidManifest.xml:6:9-35
	android:theme
		ADDED from src\main\AndroidManifest.xml:10:9-40
activity#com.google.firebase.udacity.friendlychat.MainActivity
ADDED from src\main\AndroidManifest.xml:11:9-17:20
	android:name
		ADDED from src\main\AndroidManifest.xml:11:19-87
intent-filter#action:name:android.intent.action.MAIN+category:name:android.intent.category.LAUNCHER
ADDED from src\main\AndroidManifest.xml:12:13-16:29
action#android.intent.action.MAIN
ADDED from src\main\AndroidManifest.xml:13:17-69
	android:name
		ADDED from src\main\AndroidManifest.xml:13:25-66
category#android.intent.category.LAUNCHER
ADDED from src\main\AndroidManifest.xml:15:17-77
	android:name
		ADDED from src\main\AndroidManifest.xml:15:27-74
uses-sdk
INJECTED from src\main\AndroidManifest.xml reason: use-sdk injection requested
INJECTED from src\main\AndroidManifest.xml
INJECTED from src\main\AndroidManifest.xml
MERGED from [com.google.firebase:firebase-core:16.0.1] AndroidManifest.xml:5:5-44
MERGED from [com.google.firebase:firebase-core:16.0.1] AndroidManifest.xml:5:5-44
MERGED from [com.firebaseui:firebase-ui-auth:0.6.0] AndroidManifest.xml:8:5-10:41
MERGED from [com.firebaseui:firebase-ui-auth:0.6.0] AndroidManifest.xml:8:5-10:41
MERGED from [com.android.support:design:24.2.1] AndroidManifest.xml:20:5-43
MERGED from [com.android.support:design:24.2.1] AndroidManifest.xml:20:5-43
MERGED from [com.android.support:appcompat-v7:24.2.1] AndroidManifest.xml:21:5-23:78
MERGED from [com.android.support:appcompat-v7:24.2.1] AndroidManifest.xml:21:5-23:78
MERGED from [com.google.firebase:firebase-database:16.0.1] AndroidManifest.xml:6:5-44
MERGED from [com.google.firebase:firebase-database:16.0.1] AndroidManifest.xml:6:5-44
MERGED from [com.google.android.gms:play-services-auth:15.0.1] AndroidManifest.xml:20:5-44
MERGED from [com.google.android.gms:play-services-auth:15.0.1] AndroidManifest.xml:20:5-44
MERGED from [com.google.firebase:firebase-auth:16.0.1] AndroidManifest.xml:20:5-44
MERGED from [com.google.firebase:firebase-auth:16.0.1] AndroidManifest.xml:20:5-44
MERGED from [com.google.firebase:firebase-storage:16.0.1] AndroidManifest.xml:5:5-44
MERGED from [com.google.firebase:firebase-storage:16.0.1] AndroidManifest.xml:5:5-44
MERGED from [com.google.firebase:firebase-messaging:17.1.0] AndroidManifest.xml:20:5-44
MERGED from [com.google.firebase:firebase-messaging:17.1.0] AndroidManifest.xml:20:5-44
MERGED from [com.google.firebase:firebase-config:16.0.0] AndroidManifest.xml:20:5-44
MERGED from [com.google.firebase:firebase-config:16.0.0] AndroidManifest.xml:20:5-44
MERGED from [com.google.firebase:firebase-measurement-connector-impl:16.0.1] AndroidManifest.xml:20:5-44
MERGED from [com.google.firebase:firebase-measurement-connector-impl:16.0.1] AndroidManifest.xml:20:5-44
MERGED from [com.google.firebase:firebase-analytics:16.0.1] AndroidManifest.xml:20:5-44
MERGED from [com.google.firebase:firebase-analytics:16.0.1] AndroidManifest.xml:20:5-44
MERGED from [com.google.firebase:firebase-database-connection:16.0.1] AndroidManifest.xml:6:5-44
MERGED from [com.google.firebase:firebase-database-connection:16.0.1] AndroidManifest.xml:6:5-44
MERGED from [com.google.firebase:firebase-abt:16.0.0] AndroidManifest.xml:5:5-44
MERGED from [com.google.firebase:firebase-abt:16.0.0] AndroidManifest.xml:5:5-44
MERGED from [com.google.firebase:firebase-auth-interop:16.0.0] AndroidManifest.xml:5:5-44
MERGED from [com.google.firebase:firebase-auth-interop:16.0.0] AndroidManifest.xml:5:5-44
MERGED from [com.google.firebase:firebase-analytics-impl:16.1.1] AndroidManifest.xml:20:5-44
MERGED from [com.google.firebase:firebase-analytics-impl:16.1.1] AndroidManifest.xml:20:5-44
MERGED from [com.google.firebase:firebase-iid:16.2.0] AndroidManifest.xml:20:5-44
MERGED from [com.google.firebase:firebase-iid:16.2.0] AndroidManifest.xml:20:5-44
MERGED from [com.google.firebase:firebase-common:16.0.0] AndroidManifest.xml:5:5-6:37
MERGED from [com.google.firebase:firebase-common:16.0.0] AndroidManifest.xml:5:5-6:37
MERGED from [com.google.android.gms:play-services-phenotype:15.0.1] AndroidManifest.xml:20:5-44
MERGED from [com.google.android.gms:play-services-phenotype:15.0.1] AndroidManifest.xml:20:5-44
MERGED from [com.google.android.gms:play-services-flags:15.0.1] AndroidManifest.xml:20:5-44
MERGED from [com.google.android.gms:play-services-flags:15.0.1] AndroidManifest.xml:20:5-44
MERGED from [com.google.android.gms:play-services-auth-api-phone:15.0.1] AndroidManifest.xml:5:5-44
MERGED from [com.google.android.gms:play-services-auth-api-phone:15.0.1] AndroidManifest.xml:5:5-44
MERGED from [com.google.android.gms:play-services-auth-base:15.0.1] AndroidManifest.xml:5:5-44
MERGED from [com.google.android.gms:play-services-auth-base:15.0.1] AndroidManifest.xml:5:5-44
MERGED from [com.google.firebase:firebase-iid-interop:16.0.0] AndroidManifest.xml:5:5-44
MERGED from [com.google.firebase:firebase-iid-interop:16.0.0] AndroidManifest.xml:5:5-44
MERGED from [com.google.android.gms:play-services-base:15.0.1] AndroidManifest.xml:20:5-44
MERGED from [com.google.android.gms:play-services-base:15.0.1] AndroidManifest.xml:20:5-44
MERGED from [com.google.android.gms:play-services-tasks:15.0.1] AndroidManifest.xml:5:5-44
MERGED from [com.google.android.gms:play-services-tasks:15.0.1] AndroidManifest.xml:5:5-44
MERGED from [com.google.firebase:firebase-database-collection:15.0.1] AndroidManifest.xml:6:5-44
MERGED from [com.google.firebase:firebase-database-collection:15.0.1] AndroidManifest.xml:6:5-44
MERGED from [com.google.firebase:firebase-storage-common:16.0.1] AndroidManifest.xml:5:5-44
MERGED from [com.google.firebase:firebase-storage-common:16.0.1] AndroidManifest.xml:5:5-44
MERGED from [com.google.firebase:firebase-measurement-connector:16.0.0] AndroidManifest.xml:20:5-44
MERGED from [com.google.firebase:firebase-measurement-connector:16.0.0] AndroidManifest.xml:20:5-44
MERGED from [com.google.android.gms:play-services-stats:15.0.1] AndroidManifest.xml:5:5-44
MERGED from [com.google.android.gms:play-services-stats:15.0.1] AndroidManifest.xml:5:5-44
MERGED from [com.google.android.gms:play-services-ads-identifier:15.0.1] AndroidManifest.xml:20:5-44
MERGED from [com.google.android.gms:play-services-ads-identifier:15.0.1] AndroidManifest.xml:20:5-44
MERGED from [com.google.android.gms:play-services-basement:15.0.1] AndroidManifest.xml:20:5-44
MERGED from [com.google.android.gms:play-services-basement:15.0.1] AndroidManifest.xml:20:5-44
MERGED from [com.facebook.android:facebook-android-sdk:4.14.1] AndroidManifest.xml:24:5-26:41
MERGED from [com.facebook.android:facebook-android-sdk:4.14.1] AndroidManifest.xml:24:5-26:41
MERGED from [com.android.support:customtabs:23.4.0] AndroidManifest.xml:20:5-44
MERGED from [com.android.support:customtabs:23.4.0] AndroidManifest.xml:20:5-44
MERGED from [com.android.support:support-v4:26.1.0] AndroidManifest.xml:21:5-23:54
MERGED from [com.android.support:support-v4:26.1.0] AndroidManifest.xml:21:5-23:54
MERGED from [com.android.support:recyclerview-v7:24.2.1] AndroidManifest.xml:20:5-43
MERGED from [com.android.support:recyclerview-v7:24.2.1] AndroidManifest.xml:20:5-43
MERGED from [com.android.support:animated-vector-drawable:24.2.1] AndroidManifest.xml:20:5-44
MERGED from [com.android.support:animated-vector-drawable:24.2.1] AndroidManifest.xml:20:5-44
MERGED from [com.android.support:support-vector-drawable:24.2.1] AndroidManifest.xml:21:5-43
MERGED from [com.android.support:support-vector-drawable:24.2.1] AndroidManifest.xml:21:5-43
MERGED from [com.google.android.gms:play-services-measurement-base:16.0.0] AndroidManifest.xml:20:5-44
MERGED from [com.google.android.gms:play-services-measurement-base:16.0.0] AndroidManifest.xml:20:5-44
MERGED from [com.android.support:cardview-v7:23.4.0] AndroidManifest.xml:20:5-43
MERGED from [com.android.support:cardview-v7:23.4.0] AndroidManifest.xml:20:5-43
MERGED from [com.android.support:support-media-compat:26.1.0] AndroidManifest.xml:21:5-23:63
MERGED from [com.android.support:support-media-compat:26.1.0] AndroidManifest.xml:21:5-23:63
MERGED from [com.android.support:support-fragment:26.1.0] AndroidManifest.xml:21:5-23:60
MERGED from [com.android.support:support-fragment:26.1.0] AndroidManifest.xml:21:5-23:60
MERGED from [com.android.support:support-core-utils:26.1.0] AndroidManifest.xml:21:5-23:61
MERGED from [com.android.support:support-core-utils:26.1.0] AndroidManifest.xml:21:5-23:61
MERGED from [com.android.support:support-core-ui:26.1.0] AndroidManifest.xml:21:5-23:58
MERGED from [com.android.support:support-core-ui:26.1.0] AndroidManifest.xml:21:5-23:58
MERGED from [com.android.support:support-compat:26.1.0] AndroidManifest.xml:21:5-23:58
MERGED from [com.android.support:support-compat:26.1.0] AndroidManifest.xml:21:5-23:58
MERGED from [android.arch.lifecycle:runtime:1.0.0] AndroidManifest.xml:20:5-22:41
MERGED from [android.arch.lifecycle:runtime:1.0.0] AndroidManifest.xml:20:5-22:41
INJECTED from src\main\AndroidManifest.xml
INJECTED from src\main\AndroidManifest.xml
	tools:overrideLibrary
		ADDED from [com.android.support:appcompat-v7:24.2.1] AndroidManifest.xml:23:9-75
	android:targetSdkVersion
		INJECTED from src\main\AndroidManifest.xml
		ADDED from src\main\AndroidManifest.xml
		INJECTED from src\main\AndroidManifest.xml
	android:minSdkVersion
		INJECTED from src\main\AndroidManifest.xml
		ADDED from src\main\AndroidManifest.xml
		INJECTED from src\main\AndroidManifest.xml
meta-data#com.google.android.gms.version
ADDED from [com.firebaseui:firebase-ui-auth:0.6.0] AndroidManifest.xml:13:9-15:69
MERGED from [com.google.android.gms:play-services-basement:15.0.1] AndroidManifest.xml:23:9-25:69
MERGED from [com.google.android.gms:play-services-basement:15.0.1] AndroidManifest.xml:23:9-25:69
	android:value
		ADDED from [com.firebaseui:firebase-ui-auth:0.6.0] AndroidManifest.xml:15:13-66
	android:name
		ADDED from [com.firebaseui:firebase-ui-auth:0.6.0] AndroidManifest.xml:14:13-58
activity#com.firebase.ui.auth.ui.email.ConfirmRecoverPasswordActivity
ADDED from [com.firebaseui:firebase-ui-auth:0.6.0] AndroidManifest.xml:17:9-20:56
	android:label
		ADDED from [com.firebaseui:firebase-ui-auth:0.6.0] AndroidManifest.xml:19:13-76
	android:theme
		ADDED from [com.firebaseui:firebase-ui-auth:0.6.0] AndroidManifest.xml:20:13-53
	android:name
		ADDED from [com.firebaseui:firebase-ui-auth:0.6.0] AndroidManifest.xml:18:13-88
activity#com.firebase.ui.auth.ui.email.EmailHintContainerActivity
ADDED from [com.firebaseui:firebase-ui-auth:0.6.0] AndroidManifest.xml:21:9-24:61
	android:label
		ADDED from [com.firebaseui:firebase-ui-auth:0.6.0] AndroidManifest.xml:23:13-58
	android:theme
		ADDED from [com.firebaseui:firebase-ui-auth:0.6.0] AndroidManifest.xml:24:13-58
	android:name
		ADDED from [com.firebaseui:firebase-ui-auth:0.6.0] AndroidManifest.xml:22:13-84
activity#com.firebase.ui.auth.ui.email.RecoverPasswordActivity
ADDED from [com.firebaseui:firebase-ui-auth:0.6.0] AndroidManifest.xml:25:9-28:49
	android:label
		ADDED from [com.firebaseui:firebase-ui-auth:0.6.0] AndroidManifest.xml:27:13-68
	android:theme
		ADDED from [com.firebaseui:firebase-ui-auth:0.6.0] AndroidManifest.xml:28:13-46
	android:name
		ADDED from [com.firebaseui:firebase-ui-auth:0.6.0] AndroidManifest.xml:26:13-81
activity#com.firebase.ui.auth.ui.email.RegisterEmailActivity
ADDED from [com.firebaseui:firebase-ui-auth:0.6.0] AndroidManifest.xml:29:9-32:49
	android:label
		ADDED from [com.firebaseui:firebase-ui-auth:0.6.0] AndroidManifest.xml:31:13-66
	android:theme
		ADDED from [com.firebaseui:firebase-ui-auth:0.6.0] AndroidManifest.xml:32:13-46
	android:name
		ADDED from [com.firebaseui:firebase-ui-auth:0.6.0] AndroidManifest.xml:30:13-79
activity#com.firebase.ui.auth.ui.email.SignInNoPasswordActivity
ADDED from [com.firebaseui:firebase-ui-auth:0.6.0] AndroidManifest.xml:33:9-36:49
	android:label
		ADDED from [com.firebaseui:firebase-ui-auth:0.6.0] AndroidManifest.xml:35:13-71
	android:theme
		ADDED from [com.firebaseui:firebase-ui-auth:0.6.0] AndroidManifest.xml:36:13-46
	android:name
		ADDED from [com.firebaseui:firebase-ui-auth:0.6.0] AndroidManifest.xml:34:13-82
activity#com.firebase.ui.auth.ui.email.SignInActivity
ADDED from [com.firebaseui:firebase-ui-auth:0.6.0] AndroidManifest.xml:37:9-40:49
	android:label
		ADDED from [com.firebaseui:firebase-ui-auth:0.6.0] AndroidManifest.xml:39:13-59
	android:theme
		ADDED from [com.firebaseui:firebase-ui-auth:0.6.0] AndroidManifest.xml:40:13-46
	android:name
		ADDED from [com.firebaseui:firebase-ui-auth:0.6.0] AndroidManifest.xml:38:13-72
activity#com.firebase.ui.auth.ui.account_link.SaveCredentialsActivity
ADDED from [com.firebaseui:firebase-ui-auth:0.6.0] AndroidManifest.xml:41:9-44:61
	android:label
		ADDED from [com.firebaseui:firebase-ui-auth:0.6.0] AndroidManifest.xml:43:13-58
	android:theme
		ADDED from [com.firebaseui:firebase-ui-auth:0.6.0] AndroidManifest.xml:44:13-58
	android:name
		ADDED from [com.firebaseui:firebase-ui-auth:0.6.0] AndroidManifest.xml:42:13-88
activity#com.firebase.ui.auth.ui.account_link.WelcomeBackIDPPrompt
ADDED from [com.firebaseui:firebase-ui-auth:0.6.0] AndroidManifest.xml:45:9-48:49
	android:label
		ADDED from [com.firebaseui:firebase-ui-auth:0.6.0] AndroidManifest.xml:47:13-66
	android:theme
		ADDED from [com.firebaseui:firebase-ui-auth:0.6.0] AndroidManifest.xml:48:13-46
	android:name
		ADDED from [com.firebaseui:firebase-ui-auth:0.6.0] AndroidManifest.xml:46:13-85
activity#com.firebase.ui.auth.ui.account_link.WelcomeBackPasswordPrompt
ADDED from [com.firebaseui:firebase-ui-auth:0.6.0] AndroidManifest.xml:49:9-52:49
	android:label
		ADDED from [com.firebaseui:firebase-ui-auth:0.6.0] AndroidManifest.xml:51:13-71
	android:theme
		ADDED from [com.firebaseui:firebase-ui-auth:0.6.0] AndroidManifest.xml:52:13-46
	android:name
		ADDED from [com.firebaseui:firebase-ui-auth:0.6.0] AndroidManifest.xml:50:13-90
activity#com.firebase.ui.auth.ui.idp.AuthMethodPickerActivity
ADDED from [com.firebaseui:firebase-ui-auth:0.6.0] AndroidManifest.xml:53:9-56:49
	android:label
		ADDED from [com.firebaseui:firebase-ui-auth:0.6.0] AndroidManifest.xml:55:13-58
	android:theme
		ADDED from [com.firebaseui:firebase-ui-auth:0.6.0] AndroidManifest.xml:56:13-46
	android:name
		ADDED from [com.firebaseui:firebase-ui-auth:0.6.0] AndroidManifest.xml:54:13-80
activity#com.firebase.ui.auth.ui.idp.IDPSignInContainerActivity
ADDED from [com.firebaseui:firebase-ui-auth:0.6.0] AndroidManifest.xml:57:9-60:61
	android:label
		ADDED from [com.firebaseui:firebase-ui-auth:0.6.0] AndroidManifest.xml:59:13-58
	android:theme
		ADDED from [com.firebaseui:firebase-ui-auth:0.6.0] AndroidManifest.xml:60:13-58
	android:name
		ADDED from [com.firebaseui:firebase-ui-auth:0.6.0] AndroidManifest.xml:58:13-82
activity#com.firebase.ui.auth.ui.ChooseAccountActivity
ADDED from [com.firebaseui:firebase-ui-auth:0.6.0] AndroidManifest.xml:61:9-64:61
	android:label
		ADDED from [com.firebaseui:firebase-ui-auth:0.6.0] AndroidManifest.xml:63:13-58
	android:theme
		ADDED from [com.firebaseui:firebase-ui-auth:0.6.0] AndroidManifest.xml:64:13-58
	android:name
		ADDED from [com.firebaseui:firebase-ui-auth:0.6.0] AndroidManifest.xml:62:13-73
activity#com.facebook.FacebookActivity
ADDED from [com.firebaseui:firebase-ui-auth:0.6.0] AndroidManifest.xml:65:9-70:45
MERGED from [com.facebook.android:facebook-android-sdk:4.14.1] AndroidManifest.xml:29:9-32:75
MERGED from [com.facebook.android:facebook-android-sdk:4.14.1] AndroidManifest.xml:29:9-32:75
	android:label
		ADDED from [com.firebaseui:firebase-ui-auth:0.6.0] AndroidManifest.xml:68:13-45
	android:configChanges
		ADDED from [com.firebaseui:firebase-ui-auth:0.6.0] AndroidManifest.xml:67:13-96
	android:theme
		ADDED from [com.firebaseui:firebase-ui-auth:0.6.0] AndroidManifest.xml:69:13-58
		REJECTED from [com.facebook.android:facebook-android-sdk:4.14.1] AndroidManifest.xml:32:13-72
	tools:replace
		ADDED from [com.firebaseui:firebase-ui-auth:0.6.0] AndroidManifest.xml:70:13-42
	android:name
		ADDED from [com.firebaseui:firebase-ui-auth:0.6.0] AndroidManifest.xml:66:13-57
activity#com.facebook.CustomTabActivity
ADDED from [com.firebaseui:firebase-ui-auth:0.6.0] AndroidManifest.xml:71:9-82:20
MERGED from [com.facebook.android:facebook-android-sdk:4.14.1] AndroidManifest.xml:33:9-36:20
MERGED from [com.facebook.android:facebook-android-sdk:4.14.1] AndroidManifest.xml:33:9-36:20
	android:exported
		ADDED from [com.firebaseui:firebase-ui-auth:0.6.0] AndroidManifest.xml:73:13-36
	android:name
		ADDED from [com.firebaseui:firebase-ui-auth:0.6.0] AndroidManifest.xml:72:13-58
intent-filter#action:name:android.intent.action.VIEW+category:name:android.intent.category.BROWSABLE+category:name:android.intent.category.DEFAULT+data:scheme:@string/facebook_login_protocol_scheme
ADDED from [com.firebaseui:firebase-ui-auth:0.6.0] AndroidManifest.xml:74:13-81:29
action#android.intent.action.VIEW
ADDED from [com.firebaseui:firebase-ui-auth:0.6.0] AndroidManifest.xml:75:17-69
	android:name
		ADDED from [com.firebaseui:firebase-ui-auth:0.6.0] AndroidManifest.xml:75:25-66
category#android.intent.category.DEFAULT
ADDED from [com.firebaseui:firebase-ui-auth:0.6.0] AndroidManifest.xml:77:17-76
	android:name
		ADDED from [com.firebaseui:firebase-ui-auth:0.6.0] AndroidManifest.xml:77:27-73
category#android.intent.category.BROWSABLE
ADDED from [com.firebaseui:firebase-ui-auth:0.6.0] AndroidManifest.xml:78:17-78
	android:name
		ADDED from [com.firebaseui:firebase-ui-auth:0.6.0] AndroidManifest.xml:78:27-75
data
ADDED from [com.firebaseui:firebase-ui-auth:0.6.0] AndroidManifest.xml:80:17-81
	android:scheme
		ADDED from [com.firebaseui:firebase-ui-auth:0.6.0] AndroidManifest.xml:80:23-78
activity#com.google.android.gms.auth.api.signin.internal.SignInHubActivity
ADDED from [com.google.android.gms:play-services-auth:15.0.1] AndroidManifest.xml:23:9-27:75
	android:excludeFromRecents
		ADDED from [com.google.android.gms:play-services-auth:15.0.1] AndroidManifest.xml:25:13-46
	android:exported
		ADDED from [com.google.android.gms:play-services-auth:15.0.1] AndroidManifest.xml:26:13-37
	android:theme
		ADDED from [com.google.android.gms:play-services-auth:15.0.1] AndroidManifest.xml:27:13-72
	android:name